<?xml version="1.0" encoding="UTF-8"?>
<!-- Generated by org.testng.reporters.JUnitReportReporter -->
<testsuite hostname="DESKTOP-UBJL9G9" failures="0" tests="1" name="EzyBill.Channels.AddNewChannelTest" time="22.909" errors="0" timestamp="2023-10-10T15:41:31 IST" skipped="0">
  <testcase classname="EzyBill.Channels.AddNewChannelTest" name="test" time="22.909"/>
</testsuite> <!-- EzyBill.Channels.AddNewChannelTest -->
