<?xml version="1.0" encoding="UTF-8"?>
<!-- Generated by org.testng.reporters.JUnitReportReporter -->
<testsuite hostname="DESKTOP-UBJL9G9" failures="0" tests="1" name="EzyBill.STB.BulkUnpairTest" time="9.427" errors="0" timestamp="2023-12-05T19:05:48 IST" skipped="0">
  <testcase classname="EzyBill.STB.BulkUnpairTest" name="test" time="9.427"/>
</testsuite> <!-- EzyBill.STB.BulkUnpairTest -->
