<?xml version="1.0" encoding="UTF-8"?>
<!-- Generated by org.testng.reporters.JUnitReportReporter -->
<testsuite hostname="DESKTOP-UBJL9G9" failures="0" tests="1" name="EzyBill.STB.BulkPairTest" time="6.473" errors="0" timestamp="2023-12-12T09:51:57 IST" skipped="0">
  <testcase classname="EzyBill.STB.BulkPairTest" name="pair" time="6.473"/>
</testsuite> <!-- EzyBill.STB.BulkPairTest -->
